# JRE version: OpenJDK Runtime Environment (21.0.5) (build 21.0.5+-13047016-b750.29)
# Java VM: OpenJDK 64-Bit Server VM (21.0.5+-13047016-b750.29, mixed mode, tiered, compressed oops, compressed class ptrs, g1 gc, windows-amd64)
GC Precious Log:
 CardTable entry size: 512
 Card Set container configuration: InlinePtr #cards 5 size 8 Array Of Cards #cards 12 size 40 Howl #buckets 4 coarsen threshold 1843 Howl Bitmap #cards 512 size 80 coarsen threshold 460 Card regions per heap region 1 cards per card region 2048
 CPUs: 8 total, 8 available
 Memory: 7934M
 Large Page Support: Disabled
 NUMA Support: Disabled
 Compressed Oops: Enabled (32-bit)
 Heap Region Size: 1M
 Heap Min Capacity: 8M
 Heap Initial Capacity: 124M
 Heap Max Capacity: 2G
 Pre-touch: Disabled
 Parallel Workers: 8
 Concurrent Workers: 2
 Concurrent Refinement Workers: 8
 Periodic GC: Disabled
Heap:
 garbage-first heap   total 168960K, used 117802K [0x0000000080000000, 0x0000000100000000)
  region size 1024K, 10 young (10240K), 6 survivors (6144K)
 Metaspace       used 115361K, committed 117632K, reserved 1179648K
  class space    used 15685K, committed 16832K, reserved 1048576K
GC Heap History (20 events):
Event: 51.945 GC heap before
{Heap before GC invocations=38 (full 0):
 garbage-first heap   total 130048K, used 117738K [0x0000000080000000, 0x0000000100000000)
  region size 1024K, 42 young (43008K), 4 survivors (4096K)
 Metaspace       used 99189K, committed 101312K, reserved 1179648K
  class space    used 13652K, committed 14720K, reserved 1048576K
}
Event: 51.952 GC heap after
{Heap after GC invocations=39 (full 0):
 garbage-first heap   total 130048K, used 81955K [0x0000000080000000, 0x0000000100000000)
  region size 1024K, 5 young (5120K), 5 survivors (5120K)
 Metaspace       used 99189K, committed 101312K, reserved 1179648K
  class space    used 13652K, committed 14720K, reserved 1048576K
}
Event: 55.313 GC heap before
{Heap before GC invocations=40 (full 0):
 garbage-first heap   total 138240K, used 114723K [0x0000000080000000, 0x0000000100000000)
  region size 1024K, 38 young (38912K), 5 survivors (5120K)
 Metaspace       used 101848K, committed 103936K, reserved 1179648K
  class space    used 14073K, committed 15104K, reserved 1048576K
}
Event: 55.321 GC heap after
{Heap after GC invocations=41 (full 0):
 garbage-first heap   total 138240K, used 87008K [0x0000000080000000, 0x0000000100000000)
  region size 1024K, 5 young (5120K), 5 survivors (5120K)
 Metaspace       used 101848K, committed 103936K, reserved 1179648K
  class space    used 14073K, committed 15104K, reserved 1048576K
}
Event: 56.893 GC heap before
{Heap before GC invocations=41 (full 0):
 garbage-first heap   total 138240K, used 122848K [0x0000000080000000, 0x0000000100000000)
  region size 1024K, 41 young (41984K), 5 survivors (5120K)
 Metaspace       used 101864K, committed 103936K, reserved 1179648K
  class space    used 14074K, committed 15104K, reserved 1048576K
}
Event: 56.900 GC heap after
{Heap after GC invocations=42 (full 0):
 garbage-first heap   total 138240K, used 88056K [0x0000000080000000, 0x0000000100000000)
  region size 1024K, 4 young (4096K), 4 survivors (4096K)
 Metaspace       used 101864K, committed 103936K, reserved 1179648K
  class space    used 14074K, committed 15104K, reserved 1048576K
}
Event: 58.830 GC heap before
{Heap before GC invocations=42 (full 0):
 garbage-first heap   total 138240K, used 123896K [0x0000000080000000, 0x0000000100000000)
  region size 1024K, 40 young (40960K), 4 survivors (4096K)
 Metaspace       used 102251K, committed 104384K, reserved 1179648K
  class space    used 14123K, committed 15168K, reserved 1048576K
}
Event: 58.836 GC heap after
{Heap after GC invocations=43 (full 0):
 garbage-first heap   total 138240K, used 90940K [0x0000000080000000, 0x0000000100000000)
  region size 1024K, 5 young (5120K), 5 survivors (5120K)
 Metaspace       used 102251K, committed 104384K, reserved 1179648K
  class space    used 14123K, committed 15168K, reserved 1048576K
}
Event: 60.104 GC heap before
{Heap before GC invocations=44 (full 0):
 garbage-first heap   total 152576K, used 123708K [0x0000000080000000, 0x0000000100000000)
  region size 1024K, 38 young (38912K), 5 survivors (5120K)
 Metaspace       used 102503K, committed 104640K, reserved 1179648K
  class space    used 14156K, committed 15232K, reserved 1048576K
}
Event: 60.111 GC heap after
{Heap after GC invocations=45 (full 0):
 garbage-first heap   total 152576K, used 92406K [0x0000000080000000, 0x0000000100000000)
  region size 1024K, 4 young (4096K), 4 survivors (4096K)
 Metaspace       used 102503K, committed 104640K, reserved 1179648K
  class space    used 14156K, committed 15232K, reserved 1048576K
}
Event: 64.464 GC heap before
{Heap before GC invocations=45 (full 0):
 garbage-first heap   total 152576K, used 144630K [0x0000000080000000, 0x0000000100000000)
  region size 1024K, 49 young (50176K), 4 survivors (4096K)
 Metaspace       used 105761K, committed 107904K, reserved 1179648K
  class space    used 14526K, committed 15616K, reserved 1048576K
}
Event: 64.475 GC heap after
{Heap after GC invocations=46 (full 0):
 garbage-first heap   total 157696K, used 97247K [0x0000000080000000, 0x0000000100000000)
  region size 1024K, 7 young (7168K), 7 survivors (7168K)
 Metaspace       used 105761K, committed 107904K, reserved 1179648K
  class space    used 14526K, committed 15616K, reserved 1048576K
}
Event: 64.853 GC heap before
{Heap before GC invocations=46 (full 0):
 garbage-first heap   total 157696K, used 115679K [0x0000000080000000, 0x0000000100000000)
  region size 1024K, 27 young (27648K), 7 survivors (7168K)
 Metaspace       used 110113K, committed 112320K, reserved 1179648K
  class space    used 15100K, committed 16192K, reserved 1048576K
}
Event: 64.860 GC heap after
{Heap after GC invocations=47 (full 0):
 garbage-first heap   total 157696K, used 99195K [0x0000000080000000, 0x0000000100000000)
  region size 1024K, 2 young (2048K), 2 survivors (2048K)
 Metaspace       used 110113K, committed 112320K, reserved 1179648K
  class space    used 15100K, committed 16192K, reserved 1048576K
}
Event: 65.867 GC heap before
{Heap before GC invocations=48 (full 0):
 garbage-first heap   total 168960K, used 147323K [0x0000000080000000, 0x0000000100000000)
  region size 1024K, 46 young (47104K), 2 survivors (2048K)
 Metaspace       used 112280K, committed 114496K, reserved 1179648K
  class space    used 15343K, committed 16448K, reserved 1048576K
}
Event: 65.878 GC heap after
{Heap after GC invocations=49 (full 0):
 garbage-first heap   total 168960K, used 113664K [0x0000000080000000, 0x0000000100000000)
  region size 1024K, 6 young (6144K), 6 survivors (6144K)
 Metaspace       used 112280K, committed 114496K, reserved 1179648K
  class space    used 15343K, committed 16448K, reserved 1048576K
}
Event: 66.944 GC heap before
{Heap before GC invocations=49 (full 0):
 garbage-first heap   total 168960K, used 150528K [0x0000000080000000, 0x0000000100000000)
  region size 1024K, 43 young (44032K), 6 survivors (6144K)
 Metaspace       used 115175K, committed 117440K, reserved 1179648K
  class space    used 15666K, committed 16832K, reserved 1048576K
}
Event: 66.955 GC heap after
{Heap after GC invocations=50 (full 0):
 garbage-first heap   total 168960K, used 112148K [0x0000000080000000, 0x0000000100000000)
  region size 1024K, 4 young (4096K), 4 survivors (4096K)
 Metaspace       used 115175K, committed 117440K, reserved 1179648K
  class space    used 15666K, committed 16832K, reserved 1048576K
}
Event: 68.347 GC heap before
{Heap before GC invocations=50 (full 0):
 garbage-first heap   total 168960K, used 150036K [0x0000000080000000, 0x0000000100000000)
  region size 1024K, 42 young (43008K), 4 survivors (4096K)
 Metaspace       used 115210K, committed 117440K, reserved 1179648K
  class space    used 15668K, committed 16832K, reserved 1048576K
}
Event: 68.353 GC heap after
{Heap after GC invocations=51 (full 0):
 garbage-first heap   total 168960K, used 114730K [0x0000000080000000, 0x0000000100000000)
  region size 1024K, 6 young (6144K), 6 survivors (6144K)
 Metaspace       used 115210K, committed 117440K, reserved 1179648K
  class space    used 15668K, committed 16832K, reserved 1048576K
}

