# JRE version: OpenJDK Runtime Environment (21.0.5) (build 21.0.5+-13047016-b750.29)
# Java VM: OpenJDK 64-Bit Server VM (21.0.5+-13047016-b750.29, mixed mode, tiered, compressed oops, compressed class ptrs, g1 gc, windows-amd64)
GC Precious Log:
 CardTable entry size: 512
 Card Set container configuration: InlinePtr #cards 5 size 8 Array Of Cards #cards 12 size 40 Howl #buckets 4 coarsen threshold 1843 Howl Bitmap #cards 512 size 80 coarsen threshold 460 Card regions per heap region 1 cards per card region 2048
 CPUs: 8 total, 8 available
 Memory: 7934M
 Large Page Support: Disabled
 NUMA Support: Disabled
 Compressed Oops: Enabled (32-bit)
 Heap Region Size: 1M
 Heap Min Capacity: 8M
 Heap Initial Capacity: 124M
 Heap Max Capacity: 2G
 Pre-touch: Disabled
 Parallel Workers: 8
 Concurrent Workers: 2
 Concurrent Refinement Workers: 8
 Periodic GC: Disabled
Heap:
 garbage-first heap   total 223232K, used 150221K [0x0000000080000000, 0x0000000100000000)
  region size 1024K, 49 young (50176K), 4 survivors (4096K)
 Metaspace       used 125967K, committed 128192K, reserved 1179648K
  class space    used 17790K, committed 18880K, reserved 1048576K
GC Heap History (20 events):
Event: 19.505 GC heap before
{Heap before GC invocations=37 (full 0):
 garbage-first heap   total 130048K, used 114981K [0x0000000080000000, 0x0000000100000000)
  region size 1024K, 40 young (40960K), 5 survivors (5120K)
 Metaspace       used 101172K, committed 103360K, reserved 1179648K
  class space    used 14004K, committed 15104K, reserved 1048576K
}
Event: 19.515 GC heap after
{Heap after GC invocations=38 (full 0):
 garbage-first heap   total 156672K, used 83162K [0x0000000080000000, 0x0000000100000000)
  region size 1024K, 5 young (5120K), 5 survivors (5120K)
 Metaspace       used 101172K, committed 103360K, reserved 1179648K
  class space    used 14004K, committed 15104K, reserved 1048576K
}
Event: 20.957 GC heap before
{Heap before GC invocations=39 (full 0):
 garbage-first heap   total 156672K, used 140506K [0x0000000080000000, 0x0000000100000000)
  region size 1024K, 62 young (63488K), 5 survivors (5120K)
 Metaspace       used 101783K, committed 103872K, reserved 1179648K
  class space    used 14055K, committed 15104K, reserved 1048576K
}
Event: 20.969 GC heap after
{Heap after GC invocations=40 (full 0):
 garbage-first heap   total 156672K, used 88296K [0x0000000080000000, 0x0000000100000000)
  region size 1024K, 8 young (8192K), 8 survivors (8192K)
 Metaspace       used 101783K, committed 103872K, reserved 1179648K
  class space    used 14055K, committed 15104K, reserved 1048576K
}
Event: 21.462 GC heap before
{Heap before GC invocations=40 (full 0):
 garbage-first heap   total 156672K, used 137448K [0x0000000080000000, 0x0000000100000000)
  region size 1024K, 57 young (58368K), 8 survivors (8192K)
 Metaspace       used 102133K, committed 104256K, reserved 1179648K
  class space    used 14100K, committed 15168K, reserved 1048576K
}
Event: 21.477 GC heap after
{Heap after GC invocations=41 (full 0):
 garbage-first heap   total 156672K, used 90605K [0x0000000080000000, 0x0000000100000000)
  region size 1024K, 5 young (5120K), 5 survivors (5120K)
 Metaspace       used 102133K, committed 104256K, reserved 1179648K
  class space    used 14100K, committed 15168K, reserved 1048576K
}
Event: 22.255 GC heap before
{Heap before GC invocations=41 (full 0):
 garbage-first heap   total 156672K, used 140781K [0x0000000080000000, 0x0000000100000000)
  region size 1024K, 55 young (56320K), 5 survivors (5120K)
 Metaspace       used 102490K, committed 104640K, reserved 1179648K
  class space    used 14140K, committed 15232K, reserved 1048576K
}
Event: 22.265 GC heap after
{Heap after GC invocations=42 (full 0):
 garbage-first heap   total 156672K, used 93894K [0x0000000080000000, 0x0000000100000000)
  region size 1024K, 5 young (5120K), 5 survivors (5120K)
 Metaspace       used 102490K, committed 104640K, reserved 1179648K
  class space    used 14140K, committed 15232K, reserved 1048576K
}
Event: 23.819 GC heap before
{Heap before GC invocations=43 (full 0):
 garbage-first heap   total 157696K, used 148166K [0x0000000080000000, 0x0000000100000000)
  region size 1024K, 52 young (53248K), 5 survivors (5120K)
 Metaspace       used 106591K, committed 108736K, reserved 1179648K
  class space    used 14628K, committed 15680K, reserved 1048576K
}
Event: 23.827 GC heap after
{Heap after GC invocations=44 (full 0):
 garbage-first heap   total 157696K, used 96589K [0x0000000080000000, 0x0000000100000000)
  region size 1024K, 5 young (5120K), 5 survivors (5120K)
 Metaspace       used 106591K, committed 108736K, reserved 1179648K
  class space    used 14628K, committed 15680K, reserved 1048576K
}
Event: 24.442 GC heap before
{Heap before GC invocations=44 (full 0):
 garbage-first heap   total 157696K, used 141645K [0x0000000080000000, 0x0000000100000000)
  region size 1024K, 50 young (51200K), 5 survivors (5120K)
 Metaspace       used 111201K, committed 113344K, reserved 1179648K
  class space    used 15388K, committed 16448K, reserved 1048576K
}
Event: 24.453 GC heap after
{Heap after GC invocations=45 (full 0):
 garbage-first heap   total 157696K, used 101344K [0x0000000080000000, 0x0000000100000000)
  region size 1024K, 7 young (7168K), 7 survivors (7168K)
 Metaspace       used 111201K, committed 113344K, reserved 1179648K
  class space    used 15388K, committed 16448K, reserved 1048576K
}
Event: 24.868 GC heap before
{Heap before GC invocations=45 (full 0):
 garbage-first heap   total 157696K, used 139232K [0x0000000080000000, 0x0000000100000000)
  region size 1024K, 45 young (46080K), 7 survivors (7168K)
 Metaspace       used 116170K, committed 118336K, reserved 1179648K
  class space    used 16267K, committed 17344K, reserved 1048576K
}
Event: 24.876 GC heap after
{Heap after GC invocations=46 (full 0):
 garbage-first heap   total 157696K, used 103610K [0x0000000080000000, 0x0000000100000000)
  region size 1024K, 3 young (3072K), 3 survivors (3072K)
 Metaspace       used 116170K, committed 118336K, reserved 1179648K
  class space    used 16267K, committed 17344K, reserved 1048576K
}
Event: 25.218 GC heap before
{Heap before GC invocations=47 (full 0):
 garbage-first heap   total 174080K, used 143546K [0x0000000080000000, 0x0000000100000000)
  region size 1024K, 43 young (44032K), 3 survivors (3072K)
 Metaspace       used 120114K, committed 122304K, reserved 1179648K
  class space    used 16880K, committed 17984K, reserved 1048576K
}
Event: 25.227 GC heap after
{Heap after GC invocations=48 (full 0):
 garbage-first heap   total 174080K, used 106237K [0x0000000080000000, 0x0000000100000000)
  region size 1024K, 5 young (5120K), 5 survivors (5120K)
 Metaspace       used 120114K, committed 122304K, reserved 1179648K
  class space    used 16880K, committed 17984K, reserved 1048576K
}
Event: 25.546 GC heap before
{Heap before GC invocations=48 (full 0):
 garbage-first heap   total 174080K, used 158461K [0x0000000080000000, 0x0000000100000000)
  region size 1024K, 57 young (58368K), 5 survivors (5120K)
 Metaspace       used 122829K, committed 124992K, reserved 1179648K
  class space    used 17320K, committed 18368K, reserved 1048576K
}
Event: 25.555 GC heap after
{Heap after GC invocations=49 (full 0):
 garbage-first heap   total 174080K, used 104251K [0x0000000080000000, 0x0000000100000000)
  region size 1024K, 3 young (3072K), 3 survivors (3072K)
 Metaspace       used 122829K, committed 124992K, reserved 1179648K
  class space    used 17320K, committed 18368K, reserved 1048576K
}
Event: 25.639 GC heap before
{Heap before GC invocations=49 (full 0):
 garbage-first heap   total 174080K, used 107323K [0x0000000080000000, 0x0000000100000000)
  region size 1024K, 8 young (8192K), 3 survivors (3072K)
 Metaspace       used 122877K, committed 125056K, reserved 1179648K
  class space    used 17320K, committed 18368K, reserved 1048576K
}
Event: 25.645 GC heap after
{Heap after GC invocations=50 (full 0):
 garbage-first heap   total 223232K, used 105165K [0x0000000080000000, 0x0000000100000000)
  region size 1024K, 4 young (4096K), 4 survivors (4096K)
 Metaspace       used 122877K, committed 125056K, reserved 1179648K
  class space    used 17320K, committed 18368K, reserved 1048576K
}

