# JRE version: OpenJDK Runtime Environment (21.0.5) (build 21.0.5+-13047016-b750.29)
# Java VM: OpenJDK 64-Bit Server VM (21.0.5+-13047016-b750.29, mixed mode, tiered, compressed oops, compressed class ptrs, g1 gc, windows-amd64)
GC Precious Log:
 CardTable entry size: 512
 Card Set container configuration: InlinePtr #cards 5 size 8 Array Of Cards #cards 12 size 40 Howl #buckets 4 coarsen threshold 1843 Howl Bitmap #cards 512 size 80 coarsen threshold 460 Card regions per heap region 1 cards per card region 2048
 CPUs: 8 total, 8 available
 Memory: 7934M
 Large Page Support: Disabled
 NUMA Support: Disabled
 Compressed Oops: Enabled (32-bit)
 Heap Region Size: 1M
 Heap Min Capacity: 8M
 Heap Initial Capacity: 124M
 Heap Max Capacity: 2G
 Pre-touch: Disabled
 Parallel Workers: 8
 Concurrent Workers: 2
 Concurrent Refinement Workers: 8
 Periodic GC: Disabled
Heap:
 garbage-first heap   total 285696K, used 139098K [0x0000000080000000, 0x0000000100000000)
  region size 1024K, 13 young (13312K), 13 survivors (13312K)
 Metaspace       used 146706K, committed 149376K, reserved 1179648K
  class space    used 19399K, committed 20992K, reserved 1048576K
GC Heap History (20 events):
Event: 1922.251 GC heap after
{Heap after GC invocations=67 (full 0):
 garbage-first heap   total 275456K, used 141755K [0x0000000080000000, 0x0000000100000000)
  region size 1024K, 13 young (13312K), 13 survivors (13312K)
 Metaspace       used 144406K, committed 146816K, reserved 1179648K
  class space    used 19665K, committed 20928K, reserved 1048576K
}
Event: 1924.026 GC heap before
{Heap before GC invocations=67 (full 0):
 garbage-first heap   total 275456K, used 176571K [0x0000000080000000, 0x0000000100000000)
  region size 1024K, 33 young (33792K), 13 survivors (13312K)
 Metaspace       used 144463K, committed 146880K, reserved 1179648K
  class space    used 19666K, committed 20928K, reserved 1048576K
}
Event: 1924.062 GC heap after
{Heap after GC invocations=68 (full 0):
 garbage-first heap   total 275456K, used 147456K [0x0000000080000000, 0x0000000100000000)
  region size 1024K, 5 young (5120K), 5 survivors (5120K)
 Metaspace       used 144463K, committed 146880K, reserved 1179648K
  class space    used 19666K, committed 20928K, reserved 1048576K
}
Event: 1929.279 GC heap before
{Heap before GC invocations=68 (full 0):
 garbage-first heap   total 275456K, used 242688K [0x0000000080000000, 0x0000000100000000)
  region size 1024K, 93 young (95232K), 5 survivors (5120K)
 Metaspace       used 145642K, committed 147968K, reserved 1179648K
  class space    used 19786K, committed 20992K, reserved 1048576K
}
Event: 1929.295 GC heap after
{Heap after GC invocations=69 (full 0):
 garbage-first heap   total 275456K, used 165292K [0x0000000080000000, 0x0000000100000000)
  region size 1024K, 12 young (12288K), 12 survivors (12288K)
 Metaspace       used 145642K, committed 147968K, reserved 1179648K
  class space    used 19786K, committed 20992K, reserved 1048576K
}
Event: 1929.299 GC heap before
{Heap before GC invocations=69 (full 0):
 garbage-first heap   total 275456K, used 166316K [0x0000000080000000, 0x0000000100000000)
  region size 1024K, 13 young (13312K), 12 survivors (12288K)
 Metaspace       used 145646K, committed 147968K, reserved 1179648K
  class space    used 19786K, committed 20992K, reserved 1048576K
}
Event: 1929.314 GC heap after
{Heap after GC invocations=70 (full 0):
 garbage-first heap   total 275456K, used 168156K [0x0000000080000000, 0x0000000100000000)
  region size 1024K, 2 young (2048K), 2 survivors (2048K)
 Metaspace       used 145646K, committed 147968K, reserved 1179648K
  class space    used 19786K, committed 20992K, reserved 1048576K
}
Event: 1929.424 GC heap before
{Heap before GC invocations=70 (full 0):
 garbage-first heap   total 275456K, used 179420K [0x0000000080000000, 0x0000000100000000)
  region size 1024K, 13 young (13312K), 2 survivors (2048K)
 Metaspace       used 145717K, committed 148096K, reserved 1179648K
  class space    used 19786K, committed 20992K, reserved 1048576K
}
Event: 1929.428 GC heap after
{Heap after GC invocations=71 (full 0):
 garbage-first heap   total 275456K, used 170260K [0x0000000080000000, 0x0000000100000000)
  region size 1024K, 2 young (2048K), 2 survivors (2048K)
 Metaspace       used 145717K, committed 148096K, reserved 1179648K
  class space    used 19786K, committed 20992K, reserved 1048576K
}
Event: 1930.224 GC heap before
{Heap before GC invocations=72 (full 0):
 garbage-first heap   total 285696K, used 182548K [0x0000000080000000, 0x0000000100000000)
  region size 1024K, 14 young (14336K), 2 survivors (2048K)
 Metaspace       used 143860K, committed 148352K, reserved 1179648K
  class space    used 19263K, committed 20992K, reserved 1048576K
}
Event: 1930.324 GC heap after
{Heap after GC invocations=73 (full 0):
 garbage-first heap   total 285696K, used 172537K [0x0000000080000000, 0x0000000100000000)
  region size 1024K, 2 young (2048K), 2 survivors (2048K)
 Metaspace       used 143860K, committed 148352K, reserved 1179648K
  class space    used 19263K, committed 20992K, reserved 1048576K
}
Event: 1931.482 GC heap before
{Heap before GC invocations=73 (full 0):
 garbage-first heap   total 285696K, used 240121K [0x0000000080000000, 0x0000000100000000)
  region size 1024K, 67 young (68608K), 2 survivors (2048K)
 Metaspace       used 146066K, committed 148992K, reserved 1179648K
  class space    used 19409K, committed 20992K, reserved 1048576K
}
Event: 1931.526 GC heap after
{Heap after GC invocations=74 (full 0):
 garbage-first heap   total 285696K, used 161322K [0x0000000080000000, 0x0000000100000000)
  region size 1024K, 9 young (9216K), 9 survivors (9216K)
 Metaspace       used 146066K, committed 148992K, reserved 1179648K
  class space    used 19409K, committed 20992K, reserved 1048576K
}
Event: 1944.697 GC heap before
{Heap before GC invocations=74 (full 0):
 garbage-first heap   total 285696K, used 261674K [0x0000000080000000, 0x0000000100000000)
  region size 1024K, 84 young (86016K), 9 survivors (9216K)
 Metaspace       used 146769K, committed 149504K, reserved 1179648K
  class space    used 19420K, committed 20992K, reserved 1048576K
}
Event: 1944.739 GC heap after
{Heap after GC invocations=75 (full 0):
 garbage-first heap   total 285696K, used 153205K [0x0000000080000000, 0x0000000100000000)
  region size 1024K, 2 young (2048K), 2 survivors (2048K)
 Metaspace       used 146769K, committed 149504K, reserved 1179648K
  class space    used 19420K, committed 20992K, reserved 1048576K
}
Event: 1945.030 GC heap before
{Heap before GC invocations=75 (full 0):
 garbage-first heap   total 285696K, used 177781K [0x0000000080000000, 0x0000000100000000)
  region size 1024K, 26 young (26624K), 2 survivors (2048K)
 Metaspace       used 146787K, committed 149568K, reserved 1179648K
  class space    used 19420K, committed 20992K, reserved 1048576K
}
Event: 1945.042 GC heap after
{Heap after GC invocations=76 (full 0):
 garbage-first heap   total 285696K, used 154833K [0x0000000080000000, 0x0000000100000000)
  region size 1024K, 4 young (4096K), 4 survivors (4096K)
 Metaspace       used 146787K, committed 149568K, reserved 1179648K
  class space    used 19420K, committed 20992K, reserved 1048576K
}
Event: 1946.481 GC heap before
{Heap before GC invocations=77 (full 0):
 garbage-first heap   total 285696K, used 186577K [0x0000000080000000, 0x0000000100000000)
  region size 1024K, 38 young (38912K), 4 survivors (4096K)
 Metaspace       used 146555K, committed 149376K, reserved 1179648K
  class space    used 19396K, committed 20992K, reserved 1048576K
}
Event: 1946.493 GC heap after
{Heap after GC invocations=78 (full 0):
 garbage-first heap   total 285696K, used 156212K [0x0000000080000000, 0x0000000100000000)
  region size 1024K, 5 young (5120K), 5 survivors (5120K)
 Metaspace       used 146555K, committed 149376K, reserved 1179648K
  class space    used 19396K, committed 20992K, reserved 1048576K
}
Event: 1974.912 GC heap before
{Heap before GC invocations=78 (full 0):
 garbage-first heap   total 285696K, used 250420K [0x0000000080000000, 0x0000000100000000)
  region size 1024K, 98 young (100352K), 5 survivors (5120K)
 Metaspace       used 146706K, committed 149376K, reserved 1179648K
  class space    used 19399K, committed 20992K, reserved 1048576K
}

